{
  "stats": {
    "suites": 1,
    "tests": 1,
    "passes": 1,
    "pending": 0,
    "failures": 0,
    "start": "2020-06-25T22:20:03.053Z",
    "end": "2020-06-25T22:20:17.876Z",
    "duration": 14823,
    "testsRegistered": 1,
    "passPercent": 100,
    "pendingPercent": 0,
    "other": 0,
    "hasOther": false,
    "skipped": 0,
    "hasSkipped": false
  },
  "results": [
    {
      "uuid": "22daa855-b3a1-4270-94cc-8ee8b06dae82",
      "title": "",
      "fullFile": "cypress/integration/practiceTests/WindowsTabPopUp.js",
      "file": "cypress/integration/practiceTests/WindowsTabPopUp.js",
      "beforeHooks": [],
      "afterHooks": [],
      "tests": [],
      "suites": [
        {
          "uuid": "17587af9-fc49-400c-8fd8-57710646b62b",
          "title": "My First Test Suite",
          "fullFile": "",
          "file": "",
          "beforeHooks": [],
          "afterHooks": [],
          "tests": [
            {
              "title": "My first case",
              "fullTitle": "My First Test Suite My first case",
              "timedOut": null,
              "duration": 10348,
              "state": "passed",
              "speed": "slow",
              "pass": true,
              "fail": false,
              "pending": false,
              "context": null,
              "code": "cy.visit(Cypress.env('url') + 'AutomationPractice/'); //handel popup\ncy.get('#alertbtn').click();\ncy.get('[value=\"Confirm\"]').click(); //window:alert\ncy.on('window:alert', function (str) {\n  expect(str).eq('Hello , share this practice page and share your knowledge');\n}); //window:confirm\ncy.on('window:confirm', function (str) {\n  expect(str).eq('Hello , Are you sure you want to confirm?');\n}); //Switch tab/ remove attribute\ncy.get('#opentab').invoke('removeAttr', 'target').click();\ncy.url().should('include', 'rahulshettyacademy'); //back to original page\ncy.go('back');",
              "err": {},
              "uuid": "55fed697-d39e-4ac1-af80-823a760da190",
              "parentUUID": "17587af9-fc49-400c-8fd8-57710646b62b",
              "isHook": false,
              "skipped": false
            }
          ],
          "suites": [],
          "passes": [
            "55fed697-d39e-4ac1-af80-823a760da190"
          ],
          "failures": [],
          "pending": [],
          "skipped": [],
          "duration": 10348,
          "root": false,
          "rootEmpty": false,
          "_timeout": 2000
        }
      ],
      "passes": [],
      "failures": [],
      "pending": [],
      "skipped": [],
      "duration": 0,
      "root": true,
      "rootEmpty": true,
      "_timeout": 2000
    }
  ],
  "meta": {
    "mocha": {
      "version": "7.0.1"
    },
    "mochawesome": {
      "options": {
        "quiet": false,
        "reportFilename": "mochawesome",
        "saveHtml": true,
        "saveJson": true,
        "consoleReporter": "spec",
        "useInlineDiffs": false,
        "code": true
      },
      "version": "6.1.1"
    },
    "marge": {
      "options": null,
      "version": "5.1.0"
    }
  }
}